<?xml version="1.0" encoding="UTF-8"?>
<!-- Generated by org.testng.reporters.JUnitReportReporter -->
<testsuite hostname="LAPTOP-JVQMLFF5" failures="0" tests="2" name="Test.InvoiceTest" time="72.457" errors="0" timestamp="2023-12-28T12:08:18 IST" skipped="0">
  <testcase classname="Test.InvoiceTest" name="verifyinvoice" time="15.568"/>
  <system-out/>
  <testcase classname="Test.InvoiceTest" name="verifydeleteinvoice" time="56.889"/>
  <system-out/>
</testsuite> <!-- Test.InvoiceTest -->
