<?xml version="1.0" encoding="UTF-8"?>
<!-- Generated by org.testng.reporters.JUnitReportReporter -->
<testsuite hostname="LAPTOP-JVQMLFF5" failures="0" tests="1" name="Test.LoginTest" time="13.702" errors="0" timestamp="2023-12-28T12:08:18 IST" skipped="0">
  <testcase classname="Test.LoginTest" name="verifyLogin" time="13.702"/>
  <system-out/>
</testsuite> <!-- Test.LoginTest -->
