<?xml version="1.0" encoding="UTF-8"?>
<!-- Generated by org.testng.reporters.JUnitReportReporter -->
<testsuite hostname="LAPTOP-JVQMLFF5" failures="0" tests="4" name="Test.NoteTest" time="186.893" errors="0" timestamp="2023-12-28T12:08:18 IST" skipped="0">
  <testcase classname="Test.NoteTest" name="addNote" time="14.747"/>
  <system-out/>
  <testcase classname="Test.NoteTest" name="SearchNote" time="22.773"/>
  <system-out/>
  <testcase classname="Test.NoteTest" name="EditNote" time="70.198"/>
  <system-out/>
  <testcase classname="Test.NoteTest" name="deleteNote" time="79.175"/>
  <system-out/>
</testsuite> <!-- Test.NoteTest -->
